2022-12-31 07:25:43.233  INFO [,,] 21204 --- [main] i.r.s.ServiceRegistryApplication         : Starting ServiceRegistryApplication using Java 16.0.2 on Kanchan-Pc with PID 21204 (D:\StudyCS\microservices\microservice-parent\service-registry\target\classes started by kanch in D:\StudyCS\microservices\microservice-parent\service-registry)
2022-12-31 07:25:43.241  INFO [,,] 21204 --- [main] i.r.s.ServiceRegistryApplication         : No active profile set, falling back to 1 default profile: "default"
2022-12-31 07:25:45.713  INFO [,,] 21204 --- [main] o.s.cloud.context.scope.GenericScope     : BeanFactory id=a9bb67ee-ca89-3025-9859-2b1296e312d4
2022-12-31 07:25:47.044  INFO [,,] 21204 --- [main] o.s.b.w.embedded.tomcat.TomcatWebServer  : Tomcat initialized with port(s): 8761 (http)
2022-12-31 07:25:47.060  INFO [,,] 21204 --- [main] o.apache.catalina.core.StandardService   : Starting service [Tomcat]
2022-12-31 07:25:47.061  INFO [,,] 21204 --- [main] org.apache.catalina.core.StandardEngine  : Starting Servlet engine: [Apache Tomcat/9.0.69]
2022-12-31 07:25:47.418  INFO [,,] 21204 --- [main] o.a.c.c.C.[Tomcat].[localhost].[/]       : Initializing Spring embedded WebApplicationContext
2022-12-31 07:25:47.419  INFO [,,] 21204 --- [main] w.s.c.ServletWebServerApplicationContext : Root WebApplicationContext: initialization completed in 4086 ms
2022-12-31 07:25:48.873  WARN [,,] 21204 --- [pool-1-thread-1] o.s.c.s.a.z.ZipkinAutoConfiguration      : Check result of the [RestTemplateSender{http://localhost:9411/api/v2/spans}] contains an error [CheckResult{ok=false, error=org.springframework.web.client.ResourceAccessException: I/O error on POST request for "http://localhost:9411/api/v2/spans": Connection refused: no further information; nested exception is java.net.ConnectException: Connection refused: no further information}]
2022-12-31 07:25:50.856  INFO [,,] 21204 --- [main] c.s.j.s.i.a.WebApplicationImpl           : Initiating Jersey application, version 'Jersey: 1.19.4 05/24/2017 03:20 PM'
2022-12-31 07:25:51.020  INFO [,,] 21204 --- [main] c.n.d.provider.DiscoveryJerseyProvider   : Using JSON encoding codec LegacyJacksonJson
2022-12-31 07:25:51.024  INFO [,,] 21204 --- [main] c.n.d.provider.DiscoveryJerseyProvider   : Using JSON decoding codec LegacyJacksonJson
2022-12-31 07:25:51.465  INFO [,,] 21204 --- [main] c.n.d.provider.DiscoveryJerseyProvider   : Using XML encoding codec XStreamXml
2022-12-31 07:25:51.465  INFO [,,] 21204 --- [main] c.n.d.provider.DiscoveryJerseyProvider   : Using XML decoding codec XStreamXml
2022-12-31 07:25:54.288  INFO [,,] 21204 --- [main] DiscoveryClientOptionalArgsConfiguration : Eureka HTTP Client uses Jersey
2022-12-31 07:25:54.864  WARN [,,] 21204 --- [main] iguration$LoadBalancerCaffeineWarnLogger : Spring Cloud LoadBalancer is currently working with the default cache. While this cache implementation is useful for development and tests, it's recommended to use Caffeine cache in production.You can switch to using Caffeine cache, by adding it and org.springframework.cache.caffeine.CaffeineCacheManager to the classpath.
2022-12-31 07:25:54.921  INFO [,,] 21204 --- [main] o.s.c.n.eureka.InstanceInfoFactory       : Setting initial instance status as: STARTING
2022-12-31 07:25:54.983  INFO [,,] 21204 --- [main] com.netflix.discovery.DiscoveryClient    : Initializing Eureka in region us-east-1
2022-12-31 07:25:54.983  INFO [,,] 21204 --- [main] com.netflix.discovery.DiscoveryClient    : Client configured to neither register nor query for data.
2022-12-31 07:25:54.998  INFO [,,] 21204 --- [main] com.netflix.discovery.DiscoveryClient    : Discovery Client initialized at timestamp 1672451754997 with initial instances count: 0
2022-12-31 07:25:55.099  INFO [,,] 21204 --- [main] c.n.eureka.DefaultEurekaServerContext    : Initializing ...
2022-12-31 07:25:55.101  WARN [,,] 21204 --- [main] c.n.eureka.cluster.PeerEurekaNodes       : The replica size seems to be empty. Check the route 53 DNS Registry
2022-12-31 07:25:55.163  INFO [,,] 21204 --- [main] c.n.e.registry.AbstractInstanceRegistry  : Finished initializing remote region registries. All known remote regions: []
2022-12-31 07:25:55.174  INFO [,,] 21204 --- [main] c.n.eureka.DefaultEurekaServerContext    : Initialized
2022-12-31 07:25:55.285  INFO [,,] 21204 --- [main] o.s.b.a.e.web.EndpointLinksResolver      : Exposing 1 endpoint(s) beneath base path '/actuator'
2022-12-31 07:25:55.415  INFO [,,] 21204 --- [main] o.s.c.n.e.s.EurekaServiceRegistry        : Registering application UNKNOWN with eureka with status UP
2022-12-31 07:25:55.449  INFO [,,] 21204 --- [Thread-10] o.s.c.n.e.server.EurekaServerBootstrap   : isAws returned false
2022-12-31 07:25:55.451  INFO [,,] 21204 --- [Thread-10] o.s.c.n.e.server.EurekaServerBootstrap   : Initialized server context
2022-12-31 07:25:55.451  INFO [,,] 21204 --- [Thread-10] c.n.e.r.PeerAwareInstanceRegistryImpl    : Got 1 instances from neighboring DS node
2022-12-31 07:25:55.452  INFO [,,] 21204 --- [Thread-10] c.n.e.r.PeerAwareInstanceRegistryImpl    : Renew threshold is: 1
2022-12-31 07:25:55.460  INFO [,,] 21204 --- [Thread-10] c.n.e.r.PeerAwareInstanceRegistryImpl    : Changing status to UP
2022-12-31 07:25:55.503  INFO [,,] 21204 --- [main] o.s.b.w.embedded.tomcat.TomcatWebServer  : Tomcat started on port(s): 8761 (http) with context path ''
2022-12-31 07:25:55.505  INFO [,,] 21204 --- [main] .s.c.n.e.s.EurekaAutoServiceRegistration : Updating port to 8761
2022-12-31 07:25:55.577  INFO [,,] 21204 --- [Thread-10] e.s.EurekaServerInitializerConfiguration : Started Eureka Server
2022-12-31 07:25:55.815  INFO [,,] 21204 --- [main] i.r.s.ServiceRegistryApplication         : Started ServiceRegistryApplication in 13.814 seconds (JVM running for 16.968)
2022-12-31 07:25:56.467  INFO [,,] 21204 --- [RMI TCP Connection(3)-127.0.0.1] o.a.c.c.C.[Tomcat].[localhost].[/]       : Initializing Spring DispatcherServlet 'dispatcherServlet'
2022-12-31 07:25:56.468  INFO [,,] 21204 --- [RMI TCP Connection(3)-127.0.0.1] o.s.web.servlet.DispatcherServlet        : Initializing Servlet 'dispatcherServlet'
2022-12-31 07:25:56.478  INFO [,,] 21204 --- [RMI TCP Connection(3)-127.0.0.1] o.s.web.servlet.DispatcherServlet        : Completed initialization in 9 ms
2022-12-31 07:26:55.467  INFO [,,] 21204 --- [Eureka-EvictionTimer] c.n.e.registry.AbstractInstanceRegistry  : Running the evict task with compensationTime 0ms
2022-12-31 07:27:27.501  INFO [,98d8ca468f602642,98d8ca468f602642] 21204 --- [http-nio-8761-exec-2] c.n.e.registry.AbstractInstanceRegistry  : Registered instance ORDER-SERVICE/order-service:6574c3cfa0978b2c788e8f52cdb729de with status UP (replication=false)
2022-12-31 07:27:27.558  WARN [,,] 21204 --- [AsyncReporter{RestTemplateSender{http://localhost:9411/api/v2/spans}}] z.r.AsyncReporter$BoundedAsyncReporter   : Spans were dropped due to exceptions. All subsequent errors will be logged at FINE level.
2022-12-31 07:27:27.580  WARN [,,] 21204 --- [AsyncReporter{RestTemplateSender{http://localhost:9411/api/v2/spans}}] z.r.AsyncReporter$BoundedAsyncReporter   : Dropped 2 spans due to ResourceAccessException(I/O error on POST request for "http://localhost:9411/api/v2/spans": Connection refused: no further information; nested exception is java.net.ConnectException: Connection refused: no further information)

org.springframework.web.client.ResourceAccessException: I/O error on POST request for "http://localhost:9411/api/v2/spans": Connection refused: no further information; nested exception is java.net.ConnectException: Connection refused: no further information
	at org.springframework.web.client.RestTemplate.doExecute(RestTemplate.java:791) ~[spring-web-5.3.24.jar:5.3.24]
	at org.springframework.cloud.sleuth.zipkin2.ZipkinRestTemplateWrapper.doExecute(ZipkinRestTemplateWrapper.java:67) ~[spring-cloud-sleuth-zipkin-3.1.5.jar:3.1.5]
	at org.springframework.web.client.RestTemplate.exchange(RestTemplate.java:666) ~[spring-web-5.3.24.jar:5.3.24]
	at org.springframework.cloud.sleuth.zipkin2.RestTemplateSender.post(RestTemplateSender.java:51) ~[spring-cloud-sleuth-zipkin-3.1.5.jar:3.1.5]
	at org.springframework.cloud.sleuth.zipkin2.RestTemplateSender.lambda$new$0(RestTemplateSender.java:44) ~[spring-cloud-sleuth-zipkin-3.1.5.jar:3.1.5]
	at org.springframework.cloud.sleuth.zipkin2.HttpSender.post(HttpSender.java:137) ~[spring-cloud-sleuth-zipkin-3.1.5.jar:3.1.5]
	at org.springframework.cloud.sleuth.zipkin2.HttpSender$HttpPostCall.doExecute(HttpSender.java:150) ~[spring-cloud-sleuth-zipkin-3.1.5.jar:3.1.5]
	at org.springframework.cloud.sleuth.zipkin2.HttpSender$HttpPostCall.doExecute(HttpSender.java:140) ~[spring-cloud-sleuth-zipkin-3.1.5.jar:3.1.5]
	at zipkin2.Call$Base.execute(Call.java:391) ~[zipkin-2.23.2.jar:na]
	at zipkin2.reporter.AsyncReporter$BoundedAsyncReporter.flush(AsyncReporter.java:299) ~[zipkin-reporter-2.16.3.jar:na]
	at zipkin2.reporter.AsyncReporter$Flusher.run(AsyncReporter.java:378) ~[zipkin-reporter-2.16.3.jar:na]
	at java.base/java.lang.Thread.run(Thread.java:831) ~[na:na]
Caused by: java.net.ConnectException: Connection refused: no further information
	at java.base/sun.nio.ch.Net.pollConnect(Native Method) ~[na:na]
	at java.base/sun.nio.ch.Net.pollConnectNow(Net.java:669) ~[na:na]
	at java.base/sun.nio.ch.NioSocketImpl.timedFinishConnect(NioSocketImpl.java:542) ~[na:na]
	at java.base/sun.nio.ch.NioSocketImpl.connect(NioSocketImpl.java:597) ~[na:na]
	at java.base/java.net.Socket.connect(Socket.java:645) ~[na:na]
	at java.base/sun.net.NetworkClient.doConnect(NetworkClient.java:177) ~[na:na]
	at java.base/sun.net.www.http.HttpClient.openServer(HttpClient.java:497) ~[na:na]
	at java.base/sun.net.www.http.HttpClient.openServer(HttpClient.java:600) ~[na:na]
	at java.base/sun.net.www.http.HttpClient.<init>(HttpClient.java:246) ~[na:na]
	at java.base/sun.net.www.http.HttpClient.New(HttpClient.java:351) ~[na:na]
	at java.base/sun.net.www.http.HttpClient.New(HttpClient.java:372) ~[na:na]
	at java.base/sun.net.www.protocol.http.HttpURLConnection.getNewHttpClient(HttpURLConnection.java:1299) ~[na:na]
	at java.base/sun.net.www.protocol.http.HttpURLConnection.plainConnect0(HttpURLConnection.java:1232) ~[na:na]
	at java.base/sun.net.www.protocol.http.HttpURLConnection.plainConnect(HttpURLConnection.java:1120) ~[na:na]
	at java.base/sun.net.www.protocol.http.HttpURLConnection.connect(HttpURLConnection.java:1051) ~[na:na]
	at org.springframework.http.client.SimpleBufferingClientHttpRequest.executeInternal(SimpleBufferingClientHttpRequest.java:76) ~[spring-web-5.3.24.jar:5.3.24]
	at org.springframework.http.client.AbstractBufferingClientHttpRequest.executeInternal(AbstractBufferingClientHttpRequest.java:48) ~[spring-web-5.3.24.jar:5.3.24]
	at org.springframework.http.client.AbstractClientHttpRequest.execute(AbstractClientHttpRequest.java:66) ~[spring-web-5.3.24.jar:5.3.24]
	at org.springframework.web.client.RestTemplate.doExecute(RestTemplate.java:782) ~[spring-web-5.3.24.jar:5.3.24]
	... 11 common frames omitted

2022-12-31 07:27:55.468  INFO [,,] 21204 --- [Eureka-EvictionTimer] c.n.e.registry.AbstractInstanceRegistry  : Running the evict task with compensationTime 0ms
2022-12-31 07:28:55.471  INFO [,,] 21204 --- [Eureka-EvictionTimer] c.n.e.registry.AbstractInstanceRegistry  : Running the evict task with compensationTime 2ms
2022-12-31 07:29:55.493  INFO [,,] 21204 --- [Eureka-EvictionTimer] c.n.e.registry.AbstractInstanceRegistry  : Running the evict task with compensationTime 13ms
2022-12-31 07:30:09.241  INFO [,,] 21204 --- [RMI TCP Connection(16)-127.0.0.1] inMXBeanRegistrar$SpringApplicationAdmin : Application shutdown requested.
2022-12-31 07:30:09.313  INFO [,,] 21204 --- [RMI TCP Connection(16)-127.0.0.1] o.s.c.n.e.s.EurekaServiceRegistry        : Unregistering application UNKNOWN with eureka with status DOWN
2022-12-31 07:30:09.734  INFO [,,] 21204 --- [RMI TCP Connection(16)-127.0.0.1] o.apache.catalina.core.StandardService   : Stopping service [Tomcat]
2022-12-31 07:30:09.767  INFO [,,] 21204 --- [RMI TCP Connection(16)-127.0.0.1] o.a.c.c.C.[Tomcat].[localhost].[/]       : Destroying Spring FrameworkServlet 'dispatcherServlet'
2022-12-31 07:30:09.917  WARN [,,] 21204 --- [RMI TCP Connection(16)-127.0.0.1] o.a.c.loader.WebappClassLoaderBase       : The web application [ROOT] appears to have started a thread named [pool-1-thread-1] but has failed to stop it. This is very likely to create a memory leak. Stack trace of thread:
 java.base@16.0.2/jdk.internal.misc.Unsafe.park(Native Method)
 java.base@16.0.2/java.util.concurrent.locks.LockSupport.park(LockSupport.java:341)
 java.base@16.0.2/java.util.concurrent.locks.AbstractQueuedSynchronizer$ConditionNode.block(AbstractQueuedSynchronizer.java:505)
 java.base@16.0.2/java.util.concurrent.ForkJoinPool.managedBlock(ForkJoinPool.java:3137)
 java.base@16.0.2/java.util.concurrent.locks.AbstractQueuedSynchronizer$ConditionObject.await(AbstractQueuedSynchronizer.java:1614)
 java.base@16.0.2/java.util.concurrent.LinkedBlockingQueue.take(LinkedBlockingQueue.java:435)
 java.base@16.0.2/java.util.concurrent.ThreadPoolExecutor.getTask(ThreadPoolExecutor.java:1056)
 java.base@16.0.2/java.util.concurrent.ThreadPoolExecutor.runWorker(ThreadPoolExecutor.java:1116)
 java.base@16.0.2/java.util.concurrent.ThreadPoolExecutor$Worker.run(ThreadPoolExecutor.java:630)
 java.base@16.0.2/java.lang.Thread.run(Thread.java:831)
2022-12-31 07:30:09.920  WARN [,,] 21204 --- [RMI TCP Connection(16)-127.0.0.1] o.a.c.loader.WebappClassLoaderBase       : The web application [ROOT] appears to have started a thread named [spring.cloud.inetutils] but has failed to stop it. This is very likely to create a memory leak. Stack trace of thread:
 java.base@16.0.2/jdk.internal.misc.Unsafe.park(Native Method)
 java.base@16.0.2/java.util.concurrent.locks.LockSupport.park(LockSupport.java:341)
 java.base@16.0.2/java.util.concurrent.locks.AbstractQueuedSynchronizer$ConditionNode.block(AbstractQueuedSynchronizer.java:505)
 java.base@16.0.2/java.util.concurrent.ForkJoinPool.managedBlock(ForkJoinPool.java:3137)
 java.base@16.0.2/java.util.concurrent.locks.AbstractQueuedSynchronizer$ConditionObject.await(AbstractQueuedSynchronizer.java:1614)
 java.base@16.0.2/java.util.concurrent.LinkedBlockingQueue.take(LinkedBlockingQueue.java:435)
 java.base@16.0.2/java.util.concurrent.ThreadPoolExecutor.getTask(ThreadPoolExecutor.java:1056)
 java.base@16.0.2/java.util.concurrent.ThreadPoolExecutor.runWorker(ThreadPoolExecutor.java:1116)
 java.base@16.0.2/java.util.concurrent.ThreadPoolExecutor$Worker.run(ThreadPoolExecutor.java:630)
 java.base@16.0.2/java.lang.Thread.run(Thread.java:831)
2022-12-31 07:30:09.986  INFO [,,] 21204 --- [RMI TCP Connection(16)-127.0.0.1] o.s.c.n.e.server.EurekaServerBootstrap   : Shutting down Eureka Server..
2022-12-31 07:30:10.127  INFO [,,] 21204 --- [RMI TCP Connection(16)-127.0.0.1] c.n.eureka.DefaultEurekaServerContext    : Shutting down ...
2022-12-31 07:30:10.322  INFO [,,] 21204 --- [RMI TCP Connection(16)-127.0.0.1] c.n.eureka.DefaultEurekaServerContext    : Shut down
2022-12-31 07:30:10.322  INFO [,,] 21204 --- [RMI TCP Connection(16)-127.0.0.1] o.s.c.n.e.server.EurekaServerBootstrap   : Eureka Service is now shutdown...
2022-12-31 07:30:10.366  INFO [,,] 21204 --- [RMI TCP Connection(16)-127.0.0.1] c.n.eureka.DefaultEurekaServerContext    : Shutting down ...
2022-12-31 07:30:10.554  INFO [,,] 21204 --- [RMI TCP Connection(16)-127.0.0.1] c.n.eureka.DefaultEurekaServerContext    : Shut down
2022-12-31 07:30:10.991  INFO [,,] 21204 --- [Thread-2] o.s.c.s.a.z.ZipkinAutoConfiguration      : Flushing remaining spans on shutdown
2022-12-31 07:30:11.021  INFO [,,] 21204 --- [RMI TCP Connection(16)-127.0.0.1] com.netflix.discovery.DiscoveryClient    : Shutting down DiscoveryClient ...
2022-12-31 07:30:11.048  INFO [,,] 21204 --- [RMI TCP Connection(16)-127.0.0.1] com.netflix.discovery.DiscoveryClient    : Completed shut down of DiscoveryClient
2022-12-31 07:30:32.269  INFO [,,] 2444 --- [main] i.r.s.ServiceRegistryApplication         : Starting ServiceRegistryApplication using Java 16.0.2 on Kanchan-Pc with PID 2444 (D:\StudyCS\microservices\microservice-parent\service-registry\target\classes started by kanch in D:\StudyCS\microservices\microservice-parent\service-registry)
2022-12-31 07:30:32.277  INFO [,,] 2444 --- [main] i.r.s.ServiceRegistryApplication         : No active profile set, falling back to 1 default profile: "default"
2022-12-31 07:30:35.489  INFO [,,] 2444 --- [main] o.s.cloud.context.scope.GenericScope     : BeanFactory id=a9bb67ee-ca89-3025-9859-2b1296e312d4
2022-12-31 07:30:37.521  INFO [,,] 2444 --- [main] o.s.b.w.embedded.tomcat.TomcatWebServer  : Tomcat initialized with port(s): 8761 (http)
2022-12-31 07:30:37.538  INFO [,,] 2444 --- [main] o.apache.catalina.core.StandardService   : Starting service [Tomcat]
2022-12-31 07:30:37.539  INFO [,,] 2444 --- [main] org.apache.catalina.core.StandardEngine  : Starting Servlet engine: [Apache Tomcat/9.0.69]
2022-12-31 07:30:37.933  INFO [,,] 2444 --- [main] o.a.c.c.C.[Tomcat].[localhost].[/]       : Initializing Spring embedded WebApplicationContext
2022-12-31 07:30:37.934  INFO [,,] 2444 --- [main] w.s.c.ServletWebServerApplicationContext : Root WebApplicationContext: initialization completed in 5467 ms
2022-12-31 07:30:41.621  INFO [,,] 2444 --- [main] c.s.j.s.i.a.WebApplicationImpl           : Initiating Jersey application, version 'Jersey: 1.19.4 05/24/2017 03:20 PM'
2022-12-31 07:30:41.921  INFO [,,] 2444 --- [main] c.n.d.provider.DiscoveryJerseyProvider   : Using JSON encoding codec LegacyJacksonJson
2022-12-31 07:30:41.928  INFO [,,] 2444 --- [main] c.n.d.provider.DiscoveryJerseyProvider   : Using JSON decoding codec LegacyJacksonJson
2022-12-31 07:30:42.832  INFO [,,] 2444 --- [main] c.n.d.provider.DiscoveryJerseyProvider   : Using XML encoding codec XStreamXml
2022-12-31 07:30:42.837  INFO [,,] 2444 --- [main] c.n.d.provider.DiscoveryJerseyProvider   : Using XML decoding codec XStreamXml
2022-12-31 07:30:46.841  INFO [,,] 2444 --- [main] DiscoveryClientOptionalArgsConfiguration : Eureka HTTP Client uses Jersey
2022-12-31 07:30:47.487  WARN [,,] 2444 --- [main] iguration$LoadBalancerCaffeineWarnLogger : Spring Cloud LoadBalancer is currently working with the default cache. While this cache implementation is useful for development and tests, it's recommended to use Caffeine cache in production.You can switch to using Caffeine cache, by adding it and org.springframework.cache.caffeine.CaffeineCacheManager to the classpath.
2022-12-31 07:30:47.642  INFO [,,] 2444 --- [main] o.s.c.n.eureka.InstanceInfoFactory       : Setting initial instance status as: STARTING
2022-12-31 07:30:47.733  INFO [,,] 2444 --- [main] com.netflix.discovery.DiscoveryClient    : Initializing Eureka in region us-east-1
2022-12-31 07:30:47.733  INFO [,,] 2444 --- [main] com.netflix.discovery.DiscoveryClient    : Client configured to neither register nor query for data.
2022-12-31 07:30:47.752  INFO [,,] 2444 --- [main] com.netflix.discovery.DiscoveryClient    : Discovery Client initialized at timestamp 1672452047750 with initial instances count: 0
2022-12-31 07:30:47.983  INFO [,,] 2444 --- [main] c.n.eureka.DefaultEurekaServerContext    : Initializing ...
2022-12-31 07:30:47.986  WARN [,,] 2444 --- [main] c.n.eureka.cluster.PeerEurekaNodes       : The replica size seems to be empty. Check the route 53 DNS Registry
2022-12-31 07:30:48.056  INFO [,,] 2444 --- [RMI TCP Connection(1)-127.0.0.1] o.a.c.c.C.[Tomcat].[localhost].[/]       : Initializing Spring DispatcherServlet 'dispatcherServlet'
2022-12-31 07:30:48.057  INFO [,,] 2444 --- [RMI TCP Connection(1)-127.0.0.1] o.s.web.servlet.DispatcherServlet        : Initializing Servlet 'dispatcherServlet'
2022-12-31 07:30:48.115  INFO [,,] 2444 --- [main] c.n.e.registry.AbstractInstanceRegistry  : Finished initializing remote region registries. All known remote regions: []
2022-12-31 07:30:48.129  INFO [,,] 2444 --- [main] c.n.eureka.DefaultEurekaServerContext    : Initialized
2022-12-31 07:30:48.169  INFO [,,] 2444 --- [RMI TCP Connection(1)-127.0.0.1] o.s.b.a.e.web.EndpointLinksResolver      : Exposing 1 endpoint(s) beneath base path '/actuator'
2022-12-31 07:30:48.210  INFO [,,] 2444 --- [RMI TCP Connection(1)-127.0.0.1] o.s.web.servlet.DispatcherServlet        : Completed initialization in 153 ms
2022-12-31 07:30:48.455  INFO [,,] 2444 --- [main] o.s.c.n.e.s.EurekaServiceRegistry        : Registering application UNKNOWN with eureka with status UP
2022-12-31 07:30:48.479  INFO [,,] 2444 --- [Thread-10] o.s.c.n.e.server.EurekaServerBootstrap   : isAws returned false
2022-12-31 07:30:48.482  INFO [,,] 2444 --- [Thread-10] o.s.c.n.e.server.EurekaServerBootstrap   : Initialized server context
2022-12-31 07:30:48.484  INFO [,,] 2444 --- [Thread-10] c.n.e.r.PeerAwareInstanceRegistryImpl    : Got 1 instances from neighboring DS node
2022-12-31 07:30:48.484  INFO [,,] 2444 --- [Thread-10] c.n.e.r.PeerAwareInstanceRegistryImpl    : Renew threshold is: 1
2022-12-31 07:30:48.485  INFO [,,] 2444 --- [Thread-10] c.n.e.r.PeerAwareInstanceRegistryImpl    : Changing status to UP
2022-12-31 07:30:48.591  INFO [,,] 2444 --- [main] o.s.b.w.embedded.tomcat.TomcatWebServer  : Tomcat started on port(s): 8761 (http) with context path ''
2022-12-31 07:30:48.601  INFO [,,] 2444 --- [main] .s.c.n.e.s.EurekaAutoServiceRegistration : Updating port to 8761
2022-12-31 07:30:48.761  INFO [,,] 2444 --- [Thread-10] e.s.EurekaServerInitializerConfiguration : Started Eureka Server
2022-12-31 07:30:49.046  INFO [,,] 2444 --- [main] i.r.s.ServiceRegistryApplication         : Started ServiceRegistryApplication in 18.275 seconds (JVM running for 23.105)
2022-12-31 07:31:16.617  WARN [,2e9c4cd4d736da47,2e9c4cd4d736da47] 2444 --- [http-nio-8761-exec-2] c.n.e.registry.AbstractInstanceRegistry  : DS: Registry: lease doesn't exist, registering resource: ORDER-SERVICE - order-service:897492402f134d41a1fa824ec7d2a50d
2022-12-31 07:31:16.619  WARN [,2e9c4cd4d736da47,2e9c4cd4d736da47] 2444 --- [http-nio-8761-exec-2] c.n.eureka.resources.InstanceResource    : Not Found (Renew): ORDER-SERVICE - order-service:897492402f134d41a1fa824ec7d2a50d
2022-12-31 07:31:16.717  INFO [,afb1f1c4efd01fe0,afb1f1c4efd01fe0] 2444 --- [http-nio-8761-exec-1] c.n.e.registry.AbstractInstanceRegistry  : Registered instance ORDER-SERVICE/order-service:897492402f134d41a1fa824ec7d2a50d with status DOWN (replication=false)
2022-12-31 07:31:16.723  INFO [,112486ebfc9dfc59,112486ebfc9dfc59] 2444 --- [http-nio-8761-exec-4] c.n.e.registry.AbstractInstanceRegistry  : Registered instance ORDER-SERVICE/order-service:897492402f134d41a1fa824ec7d2a50d with status DOWN (replication=false)
2022-12-31 07:31:20.152  INFO [,a3b27fc3d23834d6,a3b27fc3d23834d6] 2444 --- [http-nio-8761-exec-6] c.n.e.registry.AbstractInstanceRegistry  : Cancelled instance ORDER-SERVICE/order-service:897492402f134d41a1fa824ec7d2a50d (replication=false)
2022-12-31 07:31:41.032  INFO [,cab1cd6bdbeef4c2,cab1cd6bdbeef4c2] 2444 --- [http-nio-8761-exec-10] c.n.e.registry.AbstractInstanceRegistry  : Registered instance ORDER-SERVICE/order-service:219830d96537b83f68ab47f9aab27b35 with status UP (replication=false)
2022-12-31 07:31:48.494  INFO [,,] 2444 --- [Eureka-EvictionTimer] c.n.e.registry.AbstractInstanceRegistry  : Running the evict task with compensationTime 0ms
2022-12-31 07:32:48.491  INFO [,,] 2444 --- [Eureka-EvictionTimer] c.n.e.registry.AbstractInstanceRegistry  : Running the evict task with compensationTime 0ms
2022-12-31 07:33:48.494  INFO [,,] 2444 --- [Eureka-EvictionTimer] c.n.e.registry.AbstractInstanceRegistry  : Running the evict task with compensationTime 1ms
2022-12-31 07:34:11.263  INFO [,157749c3936ff63a,157749c3936ff63a] 2444 --- [http-nio-8761-exec-9] c.n.e.registry.AbstractInstanceRegistry  : Registered instance ORDER-SERVICE/order-service:219830d96537b83f68ab47f9aab27b35 with status DOWN (replication=false)
2022-12-31 07:34:15.550  INFO [,bbae7a610005ea52,bbae7a610005ea52] 2444 --- [http-nio-8761-exec-3] c.n.e.registry.AbstractInstanceRegistry  : Cancelled instance ORDER-SERVICE/order-service:219830d96537b83f68ab47f9aab27b35 (replication=false)
2022-12-31 07:34:36.503  INFO [,684049149c8a0d3c,684049149c8a0d3c] 2444 --- [http-nio-8761-exec-6] c.n.e.registry.AbstractInstanceRegistry  : Registered instance NOTIFICATION-SERVICE/notification-service:3c92f22430e56370695bbd9bd087213d with status UP (replication=false)
2022-12-31 07:34:48.494  INFO [,,] 2444 --- [Eureka-EvictionTimer] c.n.e.registry.AbstractInstanceRegistry  : Running the evict task with compensationTime 2ms
2022-12-31 07:35:46.507  INFO [,,] 2444 --- [RMI TCP Connection(15)-127.0.0.1] inMXBeanRegistrar$SpringApplicationAdmin : Application shutdown requested.
2022-12-31 07:35:46.610  INFO [,,] 2444 --- [RMI TCP Connection(15)-127.0.0.1] o.s.c.n.e.s.EurekaServiceRegistry        : Unregistering application UNKNOWN with eureka with status DOWN
2022-12-31 07:35:47.120  INFO [,,] 2444 --- [RMI TCP Connection(15)-127.0.0.1] o.apache.catalina.core.StandardService   : Stopping service [Tomcat]
2022-12-31 07:35:47.140  INFO [,,] 2444 --- [RMI TCP Connection(15)-127.0.0.1] o.a.c.c.C.[Tomcat].[localhost].[/]       : Destroying Spring FrameworkServlet 'dispatcherServlet'
2022-12-31 07:35:47.259  WARN [,,] 2444 --- [RMI TCP Connection(15)-127.0.0.1] o.a.c.loader.WebappClassLoaderBase       : The web application [ROOT] appears to have started a thread named [pool-1-thread-1] but has failed to stop it. This is very likely to create a memory leak. Stack trace of thread:
 java.base@16.0.2/jdk.internal.misc.Unsafe.park(Native Method)
 java.base@16.0.2/java.util.concurrent.locks.LockSupport.park(LockSupport.java:341)
 java.base@16.0.2/java.util.concurrent.locks.AbstractQueuedSynchronizer$ConditionNode.block(AbstractQueuedSynchronizer.java:505)
 java.base@16.0.2/java.util.concurrent.ForkJoinPool.managedBlock(ForkJoinPool.java:3137)
 java.base@16.0.2/java.util.concurrent.locks.AbstractQueuedSynchronizer$ConditionObject.await(AbstractQueuedSynchronizer.java:1614)
 java.base@16.0.2/java.util.concurrent.LinkedBlockingQueue.take(LinkedBlockingQueue.java:435)
 java.base@16.0.2/java.util.concurrent.ThreadPoolExecutor.getTask(ThreadPoolExecutor.java:1056)
 java.base@16.0.2/java.util.concurrent.ThreadPoolExecutor.runWorker(ThreadPoolExecutor.java:1116)
 java.base@16.0.2/java.util.concurrent.ThreadPoolExecutor$Worker.run(ThreadPoolExecutor.java:630)
 java.base@16.0.2/java.lang.Thread.run(Thread.java:831)
2022-12-31 07:35:47.262  WARN [,,] 2444 --- [RMI TCP Connection(15)-127.0.0.1] o.a.c.loader.WebappClassLoaderBase       : The web application [ROOT] appears to have started a thread named [spring.cloud.inetutils] but has failed to stop it. This is very likely to create a memory leak. Stack trace of thread:
 java.base@16.0.2/jdk.internal.misc.Unsafe.park(Native Method)
 java.base@16.0.2/java.util.concurrent.locks.LockSupport.park(LockSupport.java:341)
 java.base@16.0.2/java.util.concurrent.locks.AbstractQueuedSynchronizer$ConditionNode.block(AbstractQueuedSynchronizer.java:505)
 java.base@16.0.2/java.util.concurrent.ForkJoinPool.managedBlock(ForkJoinPool.java:3137)
 java.base@16.0.2/java.util.concurrent.locks.AbstractQueuedSynchronizer$ConditionObject.await(AbstractQueuedSynchronizer.java:1614)
 java.base@16.0.2/java.util.concurrent.LinkedBlockingQueue.take(LinkedBlockingQueue.java:435)
 java.base@16.0.2/java.util.concurrent.ThreadPoolExecutor.getTask(ThreadPoolExecutor.java:1056)
 java.base@16.0.2/java.util.concurrent.ThreadPoolExecutor.runWorker(ThreadPoolExecutor.java:1116)
 java.base@16.0.2/java.util.concurrent.ThreadPoolExecutor$Worker.run(ThreadPoolExecutor.java:630)
 java.base@16.0.2/java.lang.Thread.run(Thread.java:831)
2022-12-31 07:35:47.326  INFO [,,] 2444 --- [RMI TCP Connection(15)-127.0.0.1] o.s.c.n.e.server.EurekaServerBootstrap   : Shutting down Eureka Server..
2022-12-31 07:35:47.500  INFO [,,] 2444 --- [RMI TCP Connection(15)-127.0.0.1] c.n.eureka.DefaultEurekaServerContext    : Shutting down ...
2022-12-31 07:35:47.689  INFO [,,] 2444 --- [RMI TCP Connection(15)-127.0.0.1] c.n.eureka.DefaultEurekaServerContext    : Shut down
2022-12-31 07:35:47.689  INFO [,,] 2444 --- [RMI TCP Connection(15)-127.0.0.1] o.s.c.n.e.server.EurekaServerBootstrap   : Eureka Service is now shutdown...
2022-12-31 07:35:47.716  INFO [,,] 2444 --- [RMI TCP Connection(15)-127.0.0.1] c.n.eureka.DefaultEurekaServerContext    : Shutting down ...
2022-12-31 07:35:47.894  INFO [,,] 2444 --- [RMI TCP Connection(15)-127.0.0.1] c.n.eureka.DefaultEurekaServerContext    : Shut down
2022-12-31 07:35:48.262  INFO [,,] 2444 --- [Thread-2] o.s.c.s.a.z.ZipkinAutoConfiguration      : Flushing remaining spans on shutdown
2022-12-31 07:35:48.320  INFO [,,] 2444 --- [RMI TCP Connection(15)-127.0.0.1] com.netflix.discovery.DiscoveryClient    : Shutting down DiscoveryClient ...
2022-12-31 07:35:48.368  INFO [,,] 2444 --- [RMI TCP Connection(15)-127.0.0.1] com.netflix.discovery.DiscoveryClient    : Completed shut down of DiscoveryClient
2022-12-31 07:35:58.004  INFO [,,] 19288 --- [main] i.r.s.ServiceRegistryApplication         : Starting ServiceRegistryApplication using Java 16.0.2 on Kanchan-Pc with PID 19288 (D:\StudyCS\microservices\microservice-parent\service-registry\target\classes started by kanch in D:\StudyCS\microservices\microservice-parent\service-registry)
2022-12-31 07:35:58.013  INFO [,,] 19288 --- [main] i.r.s.ServiceRegistryApplication         : No active profile set, falling back to 1 default profile: "default"
2022-12-31 07:36:00.399  INFO [,,] 19288 --- [main] o.s.cloud.context.scope.GenericScope     : BeanFactory id=a9bb67ee-ca89-3025-9859-2b1296e312d4
2022-12-31 07:36:01.708  INFO [,,] 19288 --- [main] o.s.b.w.embedded.tomcat.TomcatWebServer  : Tomcat initialized with port(s): 8761 (http)
2022-12-31 07:36:01.728  INFO [,,] 19288 --- [main] o.apache.catalina.core.StandardService   : Starting service [Tomcat]
2022-12-31 07:36:01.728  INFO [,,] 19288 --- [main] org.apache.catalina.core.StandardEngine  : Starting Servlet engine: [Apache Tomcat/9.0.69]
2022-12-31 07:36:02.096  INFO [,,] 19288 --- [main] o.a.c.c.C.[Tomcat].[localhost].[/]       : Initializing Spring embedded WebApplicationContext
2022-12-31 07:36:02.097  INFO [,,] 19288 --- [main] w.s.c.ServletWebServerApplicationContext : Root WebApplicationContext: initialization completed in 3986 ms
2022-12-31 07:36:04.551  INFO [,,] 19288 --- [main] c.s.j.s.i.a.WebApplicationImpl           : Initiating Jersey application, version 'Jersey: 1.19.4 05/24/2017 03:20 PM'
2022-12-31 07:36:04.670  INFO [,,] 19288 --- [main] c.n.d.provider.DiscoveryJerseyProvider   : Using JSON encoding codec LegacyJacksonJson
2022-12-31 07:36:04.673  INFO [,,] 19288 --- [main] c.n.d.provider.DiscoveryJerseyProvider   : Using JSON decoding codec LegacyJacksonJson
2022-12-31 07:36:05.111  INFO [,,] 19288 --- [main] c.n.d.provider.DiscoveryJerseyProvider   : Using XML encoding codec XStreamXml
2022-12-31 07:36:05.113  INFO [,,] 19288 --- [main] c.n.d.provider.DiscoveryJerseyProvider   : Using XML decoding codec XStreamXml
2022-12-31 07:36:07.846  INFO [,,] 19288 --- [RMI TCP Connection(1)-127.0.0.1] o.a.c.c.C.[Tomcat].[localhost].[/]       : Initializing Spring DispatcherServlet 'dispatcherServlet'
2022-12-31 07:36:07.848  INFO [,,] 19288 --- [RMI TCP Connection(1)-127.0.0.1] o.s.web.servlet.DispatcherServlet        : Initializing Servlet 'dispatcherServlet'
2022-12-31 07:36:07.907  INFO [,,] 19288 --- [RMI TCP Connection(1)-127.0.0.1] o.s.b.a.e.web.EndpointLinksResolver      : Exposing 1 endpoint(s) beneath base path '/actuator'
2022-12-31 07:36:07.936  INFO [,,] 19288 --- [RMI TCP Connection(1)-127.0.0.1] o.s.web.servlet.DispatcherServlet        : Completed initialization in 88 ms
2022-12-31 07:36:08.536  INFO [,,] 19288 --- [main] DiscoveryClientOptionalArgsConfiguration : Eureka HTTP Client uses Jersey
2022-12-31 07:36:09.191  WARN [,,] 19288 --- [main] iguration$LoadBalancerCaffeineWarnLogger : Spring Cloud LoadBalancer is currently working with the default cache. While this cache implementation is useful for development and tests, it's recommended to use Caffeine cache in production.You can switch to using Caffeine cache, by adding it and org.springframework.cache.caffeine.CaffeineCacheManager to the classpath.
2022-12-31 07:36:09.242  INFO [,,] 19288 --- [main] o.s.c.n.eureka.InstanceInfoFactory       : Setting initial instance status as: STARTING
2022-12-31 07:36:09.313  INFO [,,] 19288 --- [main] com.netflix.discovery.DiscoveryClient    : Initializing Eureka in region us-east-1
2022-12-31 07:36:09.314  INFO [,,] 19288 --- [main] com.netflix.discovery.DiscoveryClient    : Client configured to neither register nor query for data.
2022-12-31 07:36:09.335  INFO [,,] 19288 --- [main] com.netflix.discovery.DiscoveryClient    : Discovery Client initialized at timestamp 1672452369333 with initial instances count: 0
2022-12-31 07:36:09.457  INFO [,,] 19288 --- [main] c.n.eureka.DefaultEurekaServerContext    : Initializing ...
2022-12-31 07:36:09.460  WARN [,,] 19288 --- [main] c.n.eureka.cluster.PeerEurekaNodes       : The replica size seems to be empty. Check the route 53 DNS Registry
2022-12-31 07:36:09.575  INFO [,,] 19288 --- [main] c.n.e.registry.AbstractInstanceRegistry  : Finished initializing remote region registries. All known remote regions: []
2022-12-31 07:36:09.595  INFO [,,] 19288 --- [main] c.n.eureka.DefaultEurekaServerContext    : Initialized
2022-12-31 07:36:09.881  INFO [,,] 19288 --- [main] o.s.c.n.e.s.EurekaServiceRegistry        : Registering application UNKNOWN with eureka with status UP
2022-12-31 07:36:09.908  INFO [,,] 19288 --- [Thread-10] o.s.c.n.e.server.EurekaServerBootstrap   : isAws returned false
2022-12-31 07:36:09.909  INFO [,,] 19288 --- [Thread-10] o.s.c.n.e.server.EurekaServerBootstrap   : Initialized server context
2022-12-31 07:36:09.910  INFO [,,] 19288 --- [Thread-10] c.n.e.r.PeerAwareInstanceRegistryImpl    : Got 1 instances from neighboring DS node
2022-12-31 07:36:09.910  INFO [,,] 19288 --- [Thread-10] c.n.e.r.PeerAwareInstanceRegistryImpl    : Renew threshold is: 1
2022-12-31 07:36:09.911  INFO [,,] 19288 --- [Thread-10] c.n.e.r.PeerAwareInstanceRegistryImpl    : Changing status to UP
2022-12-31 07:36:09.986  INFO [,,] 19288 --- [main] o.s.b.w.embedded.tomcat.TomcatWebServer  : Tomcat started on port(s): 8761 (http) with context path ''
2022-12-31 07:36:09.988  INFO [,,] 19288 --- [main] .s.c.n.e.s.EurekaAutoServiceRegistration : Updating port to 8761
2022-12-31 07:36:10.070  INFO [,,] 19288 --- [Thread-10] e.s.EurekaServerInitializerConfiguration : Started Eureka Server
2022-12-31 07:36:10.484  INFO [,,] 19288 --- [main] i.r.s.ServiceRegistryApplication         : Started ServiceRegistryApplication in 13.698 seconds (JVM running for 16.066)
2022-12-31 07:36:38.871  WARN [,c7df42a5f072096d,c7df42a5f072096d] 19288 --- [http-nio-8761-exec-2] c.n.e.registry.AbstractInstanceRegistry  : DS: Registry: lease doesn't exist, registering resource: NOTIFICATION-SERVICE - notification-service:3c92f22430e56370695bbd9bd087213d
2022-12-31 07:36:38.881  WARN [,c7df42a5f072096d,c7df42a5f072096d] 19288 --- [http-nio-8761-exec-2] c.n.eureka.resources.InstanceResource    : Not Found (Renew): NOTIFICATION-SERVICE - notification-service:3c92f22430e56370695bbd9bd087213d
2022-12-31 07:36:40.579  INFO [,395008281a788d10,395008281a788d10] 19288 --- [http-nio-8761-exec-5] c.n.e.registry.AbstractInstanceRegistry  : Registered instance NOTIFICATION-SERVICE/notification-service:3c92f22430e56370695bbd9bd087213d with status UP (replication=false)
2022-12-31 07:37:09.914  INFO [,,] 19288 --- [Eureka-EvictionTimer] c.n.e.registry.AbstractInstanceRegistry  : Running the evict task with compensationTime 0ms
2022-12-31 07:37:41.221  INFO [,a5d5c9a39a0e4635,a5d5c9a39a0e4635] 19288 --- [http-nio-8761-exec-9] c.n.e.registry.AbstractInstanceRegistry  : Registered instance NOTIFICATION-SERVICE/notification-service:3c92f22430e56370695bbd9bd087213d with status DOWN (replication=false)
2022-12-31 07:37:46.444  INFO [,e44e8aaba6c8a7b5,e44e8aaba6c8a7b5] 19288 --- [http-nio-8761-exec-2] c.n.e.registry.AbstractInstanceRegistry  : Cancelled instance NOTIFICATION-SERVICE/notification-service:3c92f22430e56370695bbd9bd087213d (replication=false)
2022-12-31 07:38:09.942  INFO [,,] 19288 --- [Eureka-EvictionTimer] c.n.e.registry.AbstractInstanceRegistry  : Running the evict task with compensationTime 13ms
2022-12-31 07:38:10.317  INFO [,a36a8179344206c4,a36a8179344206c4] 19288 --- [http-nio-8761-exec-5] c.n.e.registry.AbstractInstanceRegistry  : Registered instance NOTIFICATION-SERVICE/notification-service:563e0dc74dd434efe51cc1cac856fe84 with status UP (replication=false)
2022-12-31 07:39:09.934  INFO [,,] 19288 --- [Eureka-EvictionTimer] c.n.e.registry.AbstractInstanceRegistry  : Running the evict task with compensationTime 1ms
2022-12-31 07:40:09.970  INFO [,,] 19288 --- [Eureka-EvictionTimer] c.n.e.registry.AbstractInstanceRegistry  : Running the evict task with compensationTime 5ms
2022-12-31 07:41:09.956  INFO [,,] 19288 --- [Eureka-EvictionTimer] c.n.e.registry.AbstractInstanceRegistry  : Running the evict task with compensationTime 11ms
2022-12-31 07:42:09.978  INFO [,,] 19288 --- [Eureka-EvictionTimer] c.n.e.registry.AbstractInstanceRegistry  : Running the evict task with compensationTime 13ms
2022-12-31 07:43:09.978  INFO [,,] 19288 --- [Eureka-EvictionTimer] c.n.e.registry.AbstractInstanceRegistry  : Running the evict task with compensationTime 10ms
2022-12-31 07:44:09.974  INFO [,,] 19288 --- [Eureka-EvictionTimer] c.n.e.registry.AbstractInstanceRegistry  : Running the evict task with compensationTime 4ms
2022-12-31 07:45:09.980  INFO [,,] 19288 --- [Eureka-EvictionTimer] c.n.e.registry.AbstractInstanceRegistry  : Running the evict task with compensationTime 2ms
2022-12-31 07:46:09.480  WARN [,,] 19288 --- [Eureka-PeerNodesUpdater] c.n.eureka.cluster.PeerEurekaNodes       : The replica size seems to be empty. Check the route 53 DNS Registry
2022-12-31 07:46:09.979  INFO [,,] 19288 --- [Eureka-EvictionTimer] c.n.e.registry.AbstractInstanceRegistry  : Running the evict task with compensationTime 2ms
2022-12-31 07:47:09.986  INFO [,,] 19288 --- [Eureka-EvictionTimer] c.n.e.registry.AbstractInstanceRegistry  : Running the evict task with compensationTime 2ms
2022-12-31 07:48:09.998  INFO [,,] 19288 --- [Eureka-EvictionTimer] c.n.e.registry.AbstractInstanceRegistry  : Running the evict task with compensationTime 13ms
2022-12-31 07:49:09.997  INFO [,,] 19288 --- [Eureka-EvictionTimer] c.n.e.registry.AbstractInstanceRegistry  : Running the evict task with compensationTime 1ms
2022-12-31 07:50:09.999  INFO [,,] 19288 --- [Eureka-EvictionTimer] c.n.e.registry.AbstractInstanceRegistry  : Running the evict task with compensationTime 1ms
2022-12-31 07:51:09.616  INFO [,,] 19288 --- [ReplicaAwareInstanceRegistry - RenewalThresholdUpdater] c.n.e.r.PeerAwareInstanceRegistryImpl    : Current renewal threshold is : 3
2022-12-31 07:51:10.014  INFO [,,] 19288 --- [Eureka-EvictionTimer] c.n.e.registry.AbstractInstanceRegistry  : Running the evict task with compensationTime 14ms
2022-12-31 07:52:10.025  INFO [,,] 19288 --- [Eureka-EvictionTimer] c.n.e.registry.AbstractInstanceRegistry  : Running the evict task with compensationTime 9ms
2022-12-31 07:53:10.039  INFO [,,] 19288 --- [Eureka-EvictionTimer] c.n.e.registry.AbstractInstanceRegistry  : Running the evict task with compensationTime 6ms
2022-12-31 07:54:10.035  INFO [,,] 19288 --- [Eureka-EvictionTimer] c.n.e.registry.AbstractInstanceRegistry  : Running the evict task with compensationTime 2ms
2022-12-31 07:55:10.034  INFO [,,] 19288 --- [Eureka-EvictionTimer] c.n.e.registry.AbstractInstanceRegistry  : Running the evict task with compensationTime 2ms
2022-12-31 07:56:09.537  WARN [,,] 19288 --- [Eureka-PeerNodesUpdater] c.n.eureka.cluster.PeerEurekaNodes       : The replica size seems to be empty. Check the route 53 DNS Registry
2022-12-31 07:56:10.050  INFO [,,] 19288 --- [Eureka-EvictionTimer] c.n.e.registry.AbstractInstanceRegistry  : Running the evict task with compensationTime 15ms
2022-12-31 07:57:10.069  INFO [,,] 19288 --- [Eureka-EvictionTimer] c.n.e.registry.AbstractInstanceRegistry  : Running the evict task with compensationTime 17ms
2022-12-31 07:58:10.085  INFO [,,] 19288 --- [Eureka-EvictionTimer] c.n.e.registry.AbstractInstanceRegistry  : Running the evict task with compensationTime 16ms
2022-12-31 07:59:10.098  INFO [,,] 19288 --- [Eureka-EvictionTimer] c.n.e.registry.AbstractInstanceRegistry  : Running the evict task with compensationTime 14ms
2022-12-31 08:00:10.119  INFO [,,] 19288 --- [Eureka-EvictionTimer] c.n.e.registry.AbstractInstanceRegistry  : Running the evict task with compensationTime 8ms
2022-12-31 08:01:10.131  INFO [,,] 19288 --- [Eureka-EvictionTimer] c.n.e.registry.AbstractInstanceRegistry  : Running the evict task with compensationTime 15ms
2022-12-31 08:02:10.131  INFO [,,] 19288 --- [Eureka-EvictionTimer] c.n.e.registry.AbstractInstanceRegistry  : Running the evict task with compensationTime 5ms
2022-12-31 08:03:10.156  INFO [,,] 19288 --- [Eureka-EvictionTimer] c.n.e.registry.AbstractInstanceRegistry  : Running the evict task with compensationTime 14ms
2022-12-31 08:04:10.153  INFO [,,] 19288 --- [Eureka-EvictionTimer] c.n.e.registry.AbstractInstanceRegistry  : Running the evict task with compensationTime 12ms
2022-12-31 08:05:10.157  INFO [,,] 19288 --- [Eureka-EvictionTimer] c.n.e.registry.AbstractInstanceRegistry  : Running the evict task with compensationTime 2ms
2022-12-31 08:05:53.661  WARN [,,] 19288 --- [AsyncReporter{RestTemplateSender{http://localhost:9411/api/v2/spans}}] z.r.AsyncReporter$BoundedAsyncReporter   : Spans were dropped due to exceptions. All subsequent errors will be logged at FINE level.
2022-12-31 08:05:54.519  WARN [,,] 19288 --- [AsyncReporter{RestTemplateSender{http://localhost:9411/api/v2/spans}}] z.r.AsyncReporter$BoundedAsyncReporter   : Dropped 1 spans due to ResourceAccessException(I/O error on POST request for "http://localhost:9411/api/v2/spans": Read timed out; nested exception is java.net.SocketTimeoutException: Read timed out)

org.springframework.web.client.ResourceAccessException: I/O error on POST request for "http://localhost:9411/api/v2/spans": Read timed out; nested exception is java.net.SocketTimeoutException: Read timed out
	at org.springframework.web.client.RestTemplate.doExecute(RestTemplate.java:791) ~[spring-web-5.3.24.jar:5.3.24]
	at org.springframework.cloud.sleuth.zipkin2.ZipkinRestTemplateWrapper.doExecute(ZipkinRestTemplateWrapper.java:67) ~[spring-cloud-sleuth-zipkin-3.1.5.jar:3.1.5]
	at org.springframework.web.client.RestTemplate.exchange(RestTemplate.java:666) ~[spring-web-5.3.24.jar:5.3.24]
	at org.springframework.cloud.sleuth.zipkin2.RestTemplateSender.post(RestTemplateSender.java:51) ~[spring-cloud-sleuth-zipkin-3.1.5.jar:3.1.5]
	at org.springframework.cloud.sleuth.zipkin2.RestTemplateSender.lambda$new$0(RestTemplateSender.java:44) ~[spring-cloud-sleuth-zipkin-3.1.5.jar:3.1.5]
	at org.springframework.cloud.sleuth.zipkin2.HttpSender.post(HttpSender.java:137) ~[spring-cloud-sleuth-zipkin-3.1.5.jar:3.1.5]
	at org.springframework.cloud.sleuth.zipkin2.HttpSender$HttpPostCall.doExecute(HttpSender.java:150) ~[spring-cloud-sleuth-zipkin-3.1.5.jar:3.1.5]
	at org.springframework.cloud.sleuth.zipkin2.HttpSender$HttpPostCall.doExecute(HttpSender.java:140) ~[spring-cloud-sleuth-zipkin-3.1.5.jar:3.1.5]
	at zipkin2.Call$Base.execute(Call.java:391) ~[zipkin-2.23.2.jar:na]
	at zipkin2.reporter.AsyncReporter$BoundedAsyncReporter.flush(AsyncReporter.java:299) ~[zipkin-reporter-2.16.3.jar:na]
	at zipkin2.reporter.AsyncReporter$Flusher.run(AsyncReporter.java:378) ~[zipkin-reporter-2.16.3.jar:na]
	at java.base/java.lang.Thread.run(Thread.java:831) ~[na:na]
Caused by: java.net.SocketTimeoutException: Read timed out
	at java.base/sun.nio.ch.NioSocketImpl.timedRead(NioSocketImpl.java:283) ~[na:na]
	at java.base/sun.nio.ch.NioSocketImpl.implRead(NioSocketImpl.java:309) ~[na:na]
	at java.base/sun.nio.ch.NioSocketImpl.read(NioSocketImpl.java:350) ~[na:na]
	at java.base/sun.nio.ch.NioSocketImpl$1.read(NioSocketImpl.java:803) ~[na:na]
	at java.base/java.net.Socket$SocketInputStream.read(Socket.java:976) ~[na:na]
	at java.base/java.io.BufferedInputStream.fill(BufferedInputStream.java:244) ~[na:na]
	at java.base/java.io.BufferedInputStream.read1(BufferedInputStream.java:284) ~[na:na]
	at java.base/java.io.BufferedInputStream.read(BufferedInputStream.java:343) ~[na:na]
	at java.base/sun.net.www.http.HttpClient.parseHTTPHeader(HttpClient.java:788) ~[na:na]
	at java.base/sun.net.www.http.HttpClient.parseHTTP(HttpClient.java:723) ~[na:na]
	at java.base/sun.net.www.protocol.http.HttpURLConnection.getInputStream0(HttpURLConnection.java:1676) ~[na:na]
	at java.base/sun.net.www.protocol.http.HttpURLConnection.getInputStream(HttpURLConnection.java:1577) ~[na:na]
	at java.base/java.net.HttpURLConnection.getResponseCode(HttpURLConnection.java:527) ~[na:na]
	at org.springframework.http.client.SimpleClientHttpResponse.getRawStatusCode(SimpleClientHttpResponse.java:55) ~[spring-web-5.3.24.jar:5.3.24]
	at org.springframework.web.client.DefaultResponseErrorHandler.hasError(DefaultResponseErrorHandler.java:61) ~[spring-web-5.3.24.jar:5.3.24]
	at org.springframework.web.client.RestTemplate.handleResponse(RestTemplate.java:813) ~[spring-web-5.3.24.jar:5.3.24]
	at org.springframework.web.client.RestTemplate.doExecute(RestTemplate.java:783) ~[spring-web-5.3.24.jar:5.3.24]
	... 11 common frames omitted

2022-12-31 08:06:09.595  WARN [,,] 19288 --- [Eureka-PeerNodesUpdater] c.n.eureka.cluster.PeerEurekaNodes       : The replica size seems to be empty. Check the route 53 DNS Registry
2022-12-31 08:06:09.604  INFO [,,] 19288 --- [ReplicaAwareInstanceRegistry - RenewalThresholdUpdater] c.n.e.r.PeerAwareInstanceRegistryImpl    : Current renewal threshold is : 3
2022-12-31 08:06:10.162  INFO [,,] 19288 --- [Eureka-EvictionTimer] c.n.e.registry.AbstractInstanceRegistry  : Running the evict task with compensationTime 2ms
2022-12-31 08:07:10.168  INFO [,,] 19288 --- [Eureka-EvictionTimer] c.n.e.registry.AbstractInstanceRegistry  : Running the evict task with compensationTime 0ms
2022-12-31 08:08:10.165  INFO [,,] 19288 --- [Eureka-EvictionTimer] c.n.e.registry.AbstractInstanceRegistry  : Running the evict task with compensationTime 4ms
2022-12-31 08:09:10.175  INFO [,,] 19288 --- [Eureka-EvictionTimer] c.n.e.registry.AbstractInstanceRegistry  : Running the evict task with compensationTime 10ms
2022-12-31 08:10:10.176  INFO [,,] 19288 --- [Eureka-EvictionTimer] c.n.e.registry.AbstractInstanceRegistry  : Running the evict task with compensationTime 0ms
2022-12-31 08:11:10.178  INFO [,,] 19288 --- [Eureka-EvictionTimer] c.n.e.registry.AbstractInstanceRegistry  : Running the evict task with compensationTime 1ms
2022-12-31 08:12:10.182  INFO [,,] 19288 --- [Eureka-EvictionTimer] c.n.e.registry.AbstractInstanceRegistry  : Running the evict task with compensationTime 5ms
2022-12-31 08:13:10.184  INFO [,,] 19288 --- [Eureka-EvictionTimer] c.n.e.registry.AbstractInstanceRegistry  : Running the evict task with compensationTime 0ms
2022-12-31 08:14:10.191  INFO [,,] 19288 --- [Eureka-EvictionTimer] c.n.e.registry.AbstractInstanceRegistry  : Running the evict task with compensationTime 7ms
2022-12-31 08:15:10.204  INFO [,,] 19288 --- [Eureka-EvictionTimer] c.n.e.registry.AbstractInstanceRegistry  : Running the evict task with compensationTime 12ms
2022-12-31 08:16:09.842  WARN [,,] 19288 --- [Eureka-PeerNodesUpdater] c.n.eureka.cluster.PeerEurekaNodes       : The replica size seems to be empty. Check the route 53 DNS Registry
2022-12-31 08:16:10.210  INFO [,,] 19288 --- [Eureka-EvictionTimer] c.n.e.registry.AbstractInstanceRegistry  : Running the evict task with compensationTime 8ms
